<?xml version="1.0" encoding="UTF-8"?>
<!-- Generated by org.testng.reporters.JUnitReportReporter -->
<testsuite hostname="DESKTOP-1MJ0DPP" failures="0" tests="1" name="LoginTest.PBLoginTest4" time="12.510" errors="0" timestamp="2023-06-22T13:26:12 IST" skipped="0">
  <testcase classname="LoginTest.PBLoginTest4" name="VerifyFullName" time="12.510"/>
  <system-out/>
</testsuite> <!-- LoginTest.PBLoginTest4 -->
